d:\elastography\uis_elasto\host\elastoestimate\debug\elastoestimate.pch
d:\elastography\uis_elasto\host\elastoestimate\debug\vc141.pdb
d:\elastography\uis_elasto\host\elastoestimate\debug\vc141.idb
d:\elastography\uis_elasto\host\elastoestimate\debug\stdafx.obj
d:\elastography\uis_elasto\host\elastoestimate\debug\dllmain.obj
d:\elastography\uis_elasto\host\elastoestimate\debug\elastoestimate.obj
d:\elastography\uis_elasto\bin\elastoestimate.lib
d:\elastography\uis_elasto\bin\elastoestimate.exp
d:\elastography\uis_elasto\bin\elastoestimate.ipdb
d:\elastography\uis_elasto\bin\elastoestimate.iobj
d:\elastography\uis_elasto\bin\elastoestimate.ilk
d:\elastography\uis_elasto\bin\elastoestimate.dll
d:\elastography\uis_elasto\bin\elastoestimate.pdb
d:\elastography\uis_elasto\host\elastoestimate\..\..\bin\elastoestimate.dll
d:\elastography\uis_elasto\host\elastoestimate\debug\elastoestimate.tlog\cl.command.1.tlog
d:\elastography\uis_elasto\host\elastoestimate\debug\elastoestimate.tlog\cl.read.1.tlog
d:\elastography\uis_elasto\host\elastoestimate\debug\elastoestimate.tlog\cl.write.1.tlog
d:\elastography\uis_elasto\host\elastoestimate\debug\elastoestimate.tlog\elastoestimate.write.1u.tlog
d:\elastography\uis_elasto\host\elastoestimate\debug\elastoestimate.tlog\link.command.1.tlog
d:\elastography\uis_elasto\host\elastoestimate\debug\elastoestimate.tlog\link.delete.1.tlog
d:\elastography\uis_elasto\host\elastoestimate\debug\elastoestimate.tlog\link.read.1.tlog
d:\elastography\uis_elasto\host\elastoestimate\debug\elastoestimate.tlog\link.write.1.tlog
